SF:lib/core/config/custom_http_client.dart
DA:12,1
DA:13,1
DA:15,1
DA:16,1
DA:17,1
DA:18,1
DA:21,1
DA:26,3
DA:27,1
DA:28,2
DA:29,1
DA:36,1
DA:42,2
DA:43,3
DA:44,3
DA:45,0
DA:46,0
DA:47,2
DA:50,1
DA:51,2
DA:52,4
DA:53,4
DA:54,2
LF:23
LH:21
end_of_record
SF:lib/core/errors/failure.dart
DA:4,7
DA:8,7
LF:2
LH:2
end_of_record
SF:lib/data/datasources/motel_remote_data_source.dart
DA:10,1
DA:12,1
DA:14,2
DA:15,2
DA:16,3
DA:22,3
LF:6
LH:6
end_of_record
SF:lib/data/models/moteis_response.model.dart
DA:6,3
DA:12,2
DA:13,2
DA:14,6
DA:15,2
DA:17,6
DA:29,1
DA:39,2
DA:40,2
DA:41,2
DA:42,2
DA:43,2
DA:44,2
DA:45,2
DA:46,8
DA:48,2
DA:49,1
DA:50,1
DA:51,1
DA:52,1
DA:53,1
DA:54,1
DA:55,5
DA:69,1
DA:80,1
DA:81,1
DA:82,1
DA:83,1
DA:84,1
DA:85,1
DA:86,5
DA:87,1
DA:88,1
DA:90,2
DA:91,1
DA:92,1
DA:93,1
DA:94,1
DA:95,1
DA:96,5
DA:97,1
DA:98,1
DA:111,1
DA:121,1
DA:122,1
DA:123,1
DA:124,1
DA:125,4
DA:126,5
DA:127,5
DA:128,5
DA:130,2
DA:131,1
DA:132,1
DA:133,1
DA:134,1
DA:135,5
DA:136,5
DA:137,5
DA:144,1
DA:148,2
DA:150,3
DA:157,1
DA:162,1
DA:163,1
DA:164,1
DA:166,4
DA:177,1
DA:186,1
DA:187,1
DA:188,1
DA:189,1
DA:190,1
DA:191,1
DA:192,3
DA:194,2
DA:195,1
DA:196,1
DA:197,1
DA:198,1
DA:199,1
DA:200,1
DA:207,1
DA:211,2
DA:213,3
LF:85
LH:85
end_of_record
SF:lib/data/repositories/motel_repository_impl.dart
DA:9,1
DA:11,1
DA:14,2
DA:16,1
DA:18,3
LF:5
LH:5
end_of_record
SF:lib/domain/usecases/get_motels_usecase.dart
DA:7,1
DA:9,1
DA:10,2
LF:3
LH:3
end_of_record
SF:lib/presentation/home/blocs/motel_bloc.dart
DA:10,1
DA:12,2
DA:13,2
DA:14,2
DA:16,2
DA:17,2
DA:19,3
LF:7
LH:7
end_of_record
SF:lib/presentation/home/blocs/motel_event.dart
DA:4,1
DA:6,0
DA:7,0
LF:3
LH:1
end_of_record
SF:lib/presentation/home/blocs/motel_state.dart
DA:5,1
DA:7,1
DA:8,1
DA:18,1
DA:20,1
DA:21,2
DA:27,1
DA:29,1
DA:30,2
LF:9
LH:9
end_of_record
